<?xml version="1.0" encoding="UTF-8"?>
<!-- Generated by org.testng.reporters.JUnitReportReporter -->
<testsuite skipped="0" hostname="DESKTOP-KHB48LB" name="mobilecare.mobilecare" tests="5" failures="0" timestamp="2022-03-11T17:51:45 IST" time="72.440" errors="0">
  <testcase name="domain" time="0.180" classname="mobilecare.mobilecare"/>
  <system-out/>
  <testcase name="register" time="5.187" classname="mobilecare.mobilecare"/>
  <system-out/>
  <testcase name="login" time="26.409" classname="mobilecare.mobilecare"/>
  <system-out/>
  <testcase name="contacts" time="32.462" classname="mobilecare.mobilecare"/>
  <system-out/>
  <testcase name="temp" time="8.202" classname="mobilecare.mobilecare"/>
  <system-out/>
</testsuite> <!-- mobilecare.mobilecare -->
