<?xml version="1.0" encoding="UTF-8"?>
<!-- Generated by org.testng.reporters.JUnitReportReporter -->
<testsuite skipped="1" hostname="DESKTOP-KHB48LB" name="Automation_ramp.liberian_tech" tests="5" failures="0" timestamp="2022-03-08T02:06:37 IST" time="37.250" errors="0">
  <testcase name="lib2" time="5.456" classname="Automation_ramp.liberian_tech"/>
  <system-out/>
  <testcase name="test3" time="6.803" classname="Automation_ramp.liberian_tech"/>
  <system-out/>
  <testcase name="test4" time="9.239" classname="Automation_ramp.liberian_tech"/>
  <system-out/>
  <testcase name="test5" time="15.752" classname="Automation_ramp.liberian_tech"/>
  <system-out/>
  <testcase name="test6" classname="Automation_ramp.liberian_tech">
    <skipped/>
  </testcase> <!-- test6 -->
  <system-out/>
</testsuite> <!-- Automation_ramp.liberian_tech -->
